-------------------------------------------------------------------------------
Test set: dvp.AppTest
-------------------------------------------------------------------------------
Tests run: 3, Failures: 0, Errors: 1, Skipped: 0, Time elapsed: 0.062 s <<< FAILURE! - in dvp.AppTest
testingPieces2(dvp.AppTest)  Time elapsed: 0.011 s  <<< ERROR!
java.lang.StringIndexOutOfBoundsException: Index 3 out of bounds for length 3
	at dvp.AppTest.testingPieces2(AppTest.java:72)

